0 info it worked if it ends with ok
1 verbose cli [ '/Users/adrianotamburo/.nvm/versions/node/v6.11.3/bin/node',
1 verbose cli   '/Users/adrianotamburo/.nvm/versions/node/v6.11.3/bin/npm',
1 verbose cli   'start' ]
2 info using npm@3.10.10
3 info using node@v6.11.3
4 verbose run-script [ 'prestart', 'start', 'poststart' ]
5 info lifecycle kraken-api@1.0.0~prestart: kraken-api@1.0.0
6 silly lifecycle kraken-api@1.0.0~prestart: no script for prestart, continuing
7 info lifecycle kraken-api@1.0.0~start: kraken-api@1.0.0
8 verbose lifecycle kraken-api@1.0.0~start: unsafe-perm in lifecycle true
9 verbose lifecycle kraken-api@1.0.0~start: PATH: /Users/adrianotamburo/.nvm/versions/node/v6.11.3/lib/node_modules/npm/bin/node-gyp-bin:/Users/adrianotamburo/CriptoCurrencies/npm-kraken-api/node_modules/.bin:/Users/adrianotamburo/.nvm/versions/node/v6.11.3/bin:/Library/Frameworks/Python.framework/Versions/2.7/bin:/opt/local/bin:/opt/local/sbin:/opt/local/bin:/opt/local/sbin:/usr/local/bin:/usr/bin:/bin:/usr/sbin:/sbin:/opt/ImageMagick/bin:/Library/TeX/texbin:/Users/adrianotamburo/.rvm/bin
10 verbose lifecycle kraken-api@1.0.0~start: CWD: /Users/adrianotamburo/CriptoCurrencies/npm-kraken-api
11 silly lifecycle kraken-api@1.0.0~start: Args: [ '-c', 'node ./www' ]
12 silly lifecycle kraken-api@1.0.0~start: Returned: code: 1  signal: null
13 info lifecycle kraken-api@1.0.0~start: Failed to exec start script
14 verbose stack Error: kraken-api@1.0.0 start: `node ./www`
14 verbose stack Exit status 1
14 verbose stack     at EventEmitter.<anonymous> (/Users/adrianotamburo/.nvm/versions/node/v6.11.3/lib/node_modules/npm/lib/utils/lifecycle.js:255:16)
14 verbose stack     at emitTwo (events.js:106:13)
14 verbose stack     at EventEmitter.emit (events.js:191:7)
14 verbose stack     at ChildProcess.<anonymous> (/Users/adrianotamburo/.nvm/versions/node/v6.11.3/lib/node_modules/npm/lib/utils/spawn.js:40:14)
14 verbose stack     at emitTwo (events.js:106:13)
14 verbose stack     at ChildProcess.emit (events.js:191:7)
14 verbose stack     at maybeClose (internal/child_process.js:920:16)
14 verbose stack     at Process.ChildProcess._handle.onexit (internal/child_process.js:230:5)
15 verbose pkgid kraken-api@1.0.0
16 verbose cwd /Users/adrianotamburo/CriptoCurrencies/npm-kraken-api
17 error Darwin 16.0.0
18 error argv "/Users/adrianotamburo/.nvm/versions/node/v6.11.3/bin/node" "/Users/adrianotamburo/.nvm/versions/node/v6.11.3/bin/npm" "start"
19 error node v6.11.3
20 error npm  v3.10.10
21 error code ELIFECYCLE
22 error kraken-api@1.0.0 start: `node ./www`
22 error Exit status 1
23 error Failed at the kraken-api@1.0.0 start script 'node ./www'.
23 error Make sure you have the latest version of node.js and npm installed.
23 error If you do, this is most likely a problem with the kraken-api package,
23 error not with npm itself.
23 error Tell the author that this fails on your system:
23 error     node ./www
23 error You can get information on how to open an issue for this project with:
23 error     npm bugs kraken-api
23 error Or if that isn't available, you can get their info via:
23 error     npm owner ls kraken-api
23 error There is likely additional logging output above.
24 verbose exit [ 1, true ]
